renpyandroid/build/intermediates/manifest_merge_blame_file/release/manifest-merger-blame-release-report.txt
1<?xml version="1.0" encoding="utf-8"?>
2<manifest xmlns:android="http://schemas.android.com/apk/res/android"
3    package="org.renpy.android" >
4
5    <uses-sdk android:minSdkVersion="21" />
6
7    <uses-permission android:name="android.permission.WAKE_LOCK" />
7-->src\main\AndroidManifest.xml:3:5-68
7-->src\main\AndroidManifest.xml:3:22-65
8    <uses-permission android:name="android.permission.VIBRATE" />
8-->src\main\AndroidManifest.xml:4:5-66
8-->src\main\AndroidManifest.xml:4:22-63
9    <uses-permission android:name="android.permission.WRITE_EXTERNAL_STORAGE" />
9-->src\main\AndroidManifest.xml:5:5-81
9-->src\main\AndroidManifest.xml:5:22-78
10
11</manifest>